<?xml version="1.0" encoding="UTF-8" ?>
<testsuites>
  <testsuite errors="1" failures="0" hostname="vasundhara" id="0" name="Filter" package="org.junit.runner.manipulation" tests="1" time="0.093" timestamp="2016-05-19T10:23:28">
      <properties />

      <testcase classname="org.junit.runner.manipulation.Filter" name="initializationError" time="0.088">
          <error message="No tests found matching grails test target pattern filter from org.junit.runner.Request$1@45c3f1af" type="java.lang.Exception">java.lang.Exception: No tests found matching grails test target pattern filter from org.junit.runner.Request$1@45c3f1af
</error>

      </testcase>

      <system-out><![CDATA[--Output from initializationError--
]]></system-out>

      <system-err><![CDATA[--Output from initializationError--
]]></system-err>

  </testsuite>
</testsuites>
